[ 2015-10-26T08:40:14+08:00 ] 127.0.0.1 /
INFO: [ app_init ] --START--
INFO: Run Behavior\BuildLiteBehavior [ RunTime:0.000000s ]
INFO: [ app_init ] --END-- [ RunTime:0.142008s ]
INFO: [ app_begin ] --START--
INFO: Run Behavior\ReadHtmlCacheBehavior [ RunTime:0.038003s ]
INFO: [ app_begin ] --END-- [ RunTime:0.039003s ]
SQL: SHOW COLUMNS FROM `tiku_course` [ RunTime:2.9492s ]
SQL: SELECT * FROM `tiku_course` WHERE ( status=1 )  [ RunTime:3.4132s ]
INFO: [ view_parse ] --START--
INFO: [ template_filter ] --START--
INFO: Run Behavior\ContentReplaceBehavior [ RunTime:0.000000s ]
INFO: [ template_filter ] --END-- [ RunTime:0.000000s ]
INFO: Run Behavior\ParseTemplateBehavior [ RunTime:0.500029s ]
INFO: [ view_parse ] --END-- [ RunTime:0.500029s ]
INFO: [ view_filter ] --START--
INFO: Run Behavior\WriteHtmlCacheBehavior [ RunTime:0.033002s ]
INFO: [ view_filter ] --END-- [ RunTime:0.033002s ]
INFO: [ app_end ] --START--
INFO: Run Behavior\ShowPageTraceBehavior [ RunTime:0.024002s ]
INFO: [ app_end ] --END-- [ RunTime:0.024002s ]

[ 2015-10-26T08:41:42+08:00 ] 127.0.0.1 /tiku/c3/
INFO: [ app_init ] --START--
INFO: Run Behavior\BuildLiteBehavior [ RunTime:0.000000s ]
INFO: [ app_init ] --END-- [ RunTime:0.002000s ]
INFO: [ app_begin ] --START--
INFO: Run Behavior\ReadHtmlCacheBehavior [ RunTime:0.001000s ]
INFO: [ app_begin ] --END-- [ RunTime:0.001000s ]
SQL: SHOW COLUMNS FROM `tiku_course` [ RunTime:0.0030s ]
SQL: SELECT * FROM `tiku_course` WHERE ( status=1 )  [ RunTime:0.0000s ]
NOTIC: [8] Undefined index: f D:\xampp\htdocs\tiku\Application\Home\Controller\TikuController.class.php 第 22 行.
NOTIC: [8] Undefined index: d D:\xampp\htdocs\tiku\Application\Home\Controller\TikuController.class.php 第 23 行.
NOTIC: [8] Undefined index: r D:\xampp\htdocs\tiku\Application\Home\Controller\TikuController.class.php 第 24 行.
NOTIC: [8] Undefined index: t D:\xampp\htdocs\tiku\Application\Home\Controller\TikuController.class.php 第 25 行.
NOTIC: [8] Undefined index: p D:\xampp\htdocs\tiku\Application\Home\Controller\TikuController.class.php 第 26 行.
NOTIC: [8] Undefined index: w D:\xampp\htdocs\tiku\Application\Home\Controller\TikuController.class.php 第 27 行.
NOTIC: [8] Undefined index: y D:\xampp\htdocs\tiku\Application\Home\Controller\TikuController.class.php 第 28 行.
NOTIC: [8] Undefined index: a D:\xampp\htdocs\tiku\Application\Home\Controller\TikuController.class.php 第 29 行.
SQL: SHOW COLUMNS FROM `tiku` [ RunTime:0.2610s ]
NOTIC: [8] Undefined variable: join D:\xampp\htdocs\tiku\Application\Home\Controller\TikuController.class.php 第 100 行.
SQL: SELECT COUNT(DISTINCT tiku.id) AS tp_count FROM `tiku` WHERE ( tiku.course_id=3  ) LIMIT 1   [ RunTime:0.3640s ]
NOTIC: [8] Undefined variable: join D:\xampp\htdocs\tiku\Application\Home\Controller\TikuController.class.php 第 106 行.
NOTIC: [8] Undefined variable: page D:\xampp\htdocs\tiku\Application\Home\Controller\TikuController.class.php 第 107 行.
NOTIC: [8] Trying to get property of non-object D:\xampp\htdocs\tiku\Application\Home\Controller\TikuController.class.php 第 107 行.
SQL: SELECT DISTINCT tiku.`id`,tiku.`content`,tiku.`clicks`,tiku_source.`source_name`,tiku_difficulty.section FROM `tiku` INNER JOIN tiku_source on tiku.`source_id`=tiku_source.id INNER JOIN tiku_difficulty on tiku.difficulty_id=tiku_difficulty.id  WHERE ( tiku.course_id=3  )  [ RunTime:0.9961s ]
INFO: [ view_parse ] --START--
INFO: [ template_filter ] --START--
INFO: Run Behavior\ContentReplaceBehavior [ RunTime:0.000000s ]
INFO: [ template_filter ] --END-- [ RunTime:0.001000s ]
NOTIC: [8] Undefined variable: wenli D:\xampp\htdocs\tiku\Application\Runtime\Cache\Home\2d7125a787b7078c141d5942edc0b2c5.php 第 280 行.
INFO: Run Behavior\ParseTemplateBehavior [ RunTime:0.107007s ]
INFO: [ view_parse ] --END-- [ RunTime:0.107007s ]
INFO: [ view_filter ] --START--
INFO: Run Behavior\WriteHtmlCacheBehavior [ RunTime:0.001000s ]
INFO: [ view_filter ] --END-- [ RunTime:0.001000s ]
INFO: [ app_end ] --START--
INFO: Run Behavior\ShowPageTraceBehavior [ RunTime:0.001000s ]
INFO: [ app_end ] --END-- [ RunTime:0.002000s ]

[ 2015-10-26T10:08:41+08:00 ] 127.0.0.1 /tiku/c3f2/
INFO: [ app_init ] --START--
INFO: Run Behavior\BuildLiteBehavior [ RunTime:0.000000s ]
INFO: [ app_init ] --END-- [ RunTime:0.000000s ]
INFO: [ app_begin ] --START--
INFO: Run Behavior\ReadHtmlCacheBehavior [ RunTime:0.001000s ]
INFO: [ app_begin ] --END-- [ RunTime:0.001000s ]
SQL: SHOW COLUMNS FROM `tiku_course` [ RunTime:0.0030s ]
SQL: SELECT * FROM `tiku_course` WHERE ( status=1 )  [ RunTime:0.0010s ]
NOTIC: [8] Undefined index: d D:\xampp\htdocs\tiku\Application\Home\Controller\TikuController.class.php 第 23 行.
NOTIC: [8] Undefined index: r D:\xampp\htdocs\tiku\Application\Home\Controller\TikuController.class.php 第 24 行.
NOTIC: [8] Undefined index: t D:\xampp\htdocs\tiku\Application\Home\Controller\TikuController.class.php 第 25 行.
NOTIC: [8] Undefined index: p D:\xampp\htdocs\tiku\Application\Home\Controller\TikuController.class.php 第 26 行.
NOTIC: [8] Undefined index: w D:\xampp\htdocs\tiku\Application\Home\Controller\TikuController.class.php 第 27 行.
NOTIC: [8] Undefined index: y D:\xampp\htdocs\tiku\Application\Home\Controller\TikuController.class.php 第 28 行.
NOTIC: [8] Undefined index: a D:\xampp\htdocs\tiku\Application\Home\Controller\TikuController.class.php 第 29 行.
SQL: SHOW COLUMNS FROM `tiku_course` [ RunTime:0.0030s ]
SQL: SELECT * FROM `tiku_course` WHERE ( id=3 ) LIMIT 1   [ RunTime:0.0000s ]
SQL: SHOW COLUMNS FROM `tiku_feature` [ RunTime:0.0030s ]
SQL: SELECT * FROM `tiku_feature` WHERE ( id=2 ) LIMIT 1   [ RunTime:0.0000s ]
SQL: SELECT * FROM `tiku_feature` WHERE ( id=2 ) LIMIT 1   [ RunTime:0.0000s ]
SQL: SHOW COLUMNS FROM `tiku_feature_type` [ RunTime:0.0030s ]
SQL: SELECT * FROM `tiku_feature_type` WHERE ( feature_id=2 )  [ RunTime:0.0010s ]
SQL: SHOW COLUMNS FROM `tiku` [ RunTime:0.0040s ]
NOTIC: [8] Undefined variable: join D:\xampp\htdocs\tiku\Application\Home\Controller\TikuController.class.php 第 84 行.
SQL: SELECT distinct tiku_source.year FROM `tiku` INNER JOIN tiku_source on tiku.source_id=tiku_source.id   WHERE ( tiku.course_id=3  && tiku.feature_id=2 ) ORDER BY tiku_source.year desc  [ RunTime:0.0120s ]
NOTIC: [8] Use of undefined constant FILE_CACHE_TIME - assumed 'FILE_CACHE_TIME' D:\xampp\htdocs\tiku\Application\Home\Controller\TikuController.class.php 第 85 行.
NOTIC: [8] Undefined variable: join D:\xampp\htdocs\tiku\Application\Home\Controller\TikuController.class.php 第 92 行.
SQL: SELECT distinct province.id,province.province_name FROM `tiku` INNER JOIN tiku_source on tiku.source_id=tiku_source.id INNER JOIN province on tiku_source.province_id=province.id  WHERE ( tiku.course_id=3  && tiku.feature_id=2 ) ORDER BY tiku_source.year desc  [ RunTime:0.0010s ]
NOTIC: [8] Use of undefined constant FILE_CACHE_TIME - assumed 'FILE_CACHE_TIME' D:\xampp\htdocs\tiku\Application\Home\Controller\TikuController.class.php 第 94 行.
NOTIC: [8] Undefined variable: join D:\xampp\htdocs\tiku\Application\Home\Controller\TikuController.class.php 第 100 行.
SQL: SELECT COUNT(DISTINCT tiku.id) AS tp_count FROM `tiku` WHERE ( tiku.course_id=3  && tiku.feature_id=2 ) LIMIT 1   [ RunTime:0.0320s ]
NOTIC: [8] Undefined variable: join D:\xampp\htdocs\tiku\Application\Home\Controller\TikuController.class.php 第 106 行.
NOTIC: [8] Undefined variable: page D:\xampp\htdocs\tiku\Application\Home\Controller\TikuController.class.php 第 107 行.
NOTIC: [8] Trying to get property of non-object D:\xampp\htdocs\tiku\Application\Home\Controller\TikuController.class.php 第 107 行.
SQL: SELECT DISTINCT tiku.`id`,tiku.`content`,tiku.`clicks`,tiku_source.`source_name`,tiku_difficulty.section FROM `tiku` INNER JOIN tiku_source on tiku.`source_id`=tiku_source.id INNER JOIN tiku_difficulty on tiku.difficulty_id=tiku_difficulty.id  WHERE ( tiku.course_id=3  && tiku.feature_id=2 )  [ RunTime:0.0100s ]
INFO: [ view_parse ] --START--
INFO: [ template_filter ] --START--
INFO: Run Behavior\ContentReplaceBehavior [ RunTime:0.000000s ]
INFO: [ template_filter ] --END-- [ RunTime:0.000000s ]
INFO: Run Behavior\ParseTemplateBehavior [ RunTime:0.263015s ]
INFO: [ view_parse ] --END-- [ RunTime:0.263015s ]
INFO: [ view_filter ] --START--
INFO: Run Behavior\WriteHtmlCacheBehavior [ RunTime:0.007000s ]
INFO: [ view_filter ] --END-- [ RunTime:0.007000s ]
INFO: [ app_end ] --START--
INFO: Run Behavior\ShowPageTraceBehavior [ RunTime:0.001000s ]
INFO: [ app_end ] --END-- [ RunTime:0.001000s ]

[ 2015-10-26T17:32:29+08:00 ] 127.0.0.1 /
INFO: [ app_init ] --START--
INFO: Run Behavior\BuildLiteBehavior [ RunTime:0.000000s ]
INFO: [ app_init ] --END-- [ RunTime:0.001000s ]
INFO: [ app_begin ] --START--
INFO: Run Behavior\ReadHtmlCacheBehavior [ RunTime:0.001000s ]
INFO: [ app_begin ] --END-- [ RunTime:0.001000s ]
SQL: SHOW COLUMNS FROM `tiku_course` [ RunTime:0.0030s ]
SQL: SELECT * FROM `tiku_course` WHERE ( status=1 )  [ RunTime:0.0270s ]
INFO: [ view_parse ] --START--
INFO: [ template_filter ] --START--
INFO: Run Behavior\ContentReplaceBehavior [ RunTime:0.000000s ]
INFO: [ template_filter ] --END-- [ RunTime:0.001000s ]
INFO: Run Behavior\ParseTemplateBehavior [ RunTime:0.210012s ]
INFO: [ view_parse ] --END-- [ RunTime:0.210012s ]
INFO: [ view_filter ] --START--
INFO: Run Behavior\WriteHtmlCacheBehavior [ RunTime:0.010000s ]
INFO: [ view_filter ] --END-- [ RunTime:0.010000s ]
INFO: [ app_end ] --START--
INFO: Run Behavior\ShowPageTraceBehavior [ RunTime:0.001000s ]
INFO: [ app_end ] --END-- [ RunTime:0.001000s ]

[ 2015-10-26T17:32:33+08:00 ] 127.0.0.1 /tiku/c3/
INFO: [ app_init ] --START--
INFO: Run Behavior\BuildLiteBehavior [ RunTime:0.000000s ]
INFO: [ app_init ] --END-- [ RunTime:0.000000s ]
INFO: [ app_begin ] --START--
INFO: Run Behavior\ReadHtmlCacheBehavior [ RunTime:0.001000s ]
INFO: [ app_begin ] --END-- [ RunTime:0.001000s ]
SQL: SHOW COLUMNS FROM `tiku_course` [ RunTime:0.0100s ]
SQL: SELECT * FROM `tiku_course` WHERE ( status=1 )  [ RunTime:0.0000s ]
NOTIC: [8] Undefined index: f D:\xampp\htdocs\tiku\Application\Home\Controller\TikuController.class.php 第 22 行.
NOTIC: [8] Undefined index: d D:\xampp\htdocs\tiku\Application\Home\Controller\TikuController.class.php 第 23 行.
NOTIC: [8] Undefined index: r D:\xampp\htdocs\tiku\Application\Home\Controller\TikuController.class.php 第 24 行.
NOTIC: [8] Undefined index: t D:\xampp\htdocs\tiku\Application\Home\Controller\TikuController.class.php 第 25 行.
NOTIC: [8] Undefined index: p D:\xampp\htdocs\tiku\Application\Home\Controller\TikuController.class.php 第 26 行.
NOTIC: [8] Undefined index: w D:\xampp\htdocs\tiku\Application\Home\Controller\TikuController.class.php 第 27 行.
NOTIC: [8] Undefined index: y D:\xampp\htdocs\tiku\Application\Home\Controller\TikuController.class.php 第 28 行.
NOTIC: [8] Undefined index: a D:\xampp\htdocs\tiku\Application\Home\Controller\TikuController.class.php 第 29 行.
SQL: SHOW COLUMNS FROM `tiku` [ RunTime:0.0070s ]
NOTIC: [8] Undefined variable: join D:\xampp\htdocs\tiku\Application\Home\Controller\TikuController.class.php 第 100 行.
SQL: SELECT COUNT(DISTINCT tiku.id) AS tp_count FROM `tiku` WHERE ( tiku.course_id=3  ) LIMIT 1   [ RunTime:0.0490s ]
NOTIC: [8] Undefined variable: join D:\xampp\htdocs\tiku\Application\Home\Controller\TikuController.class.php 第 106 行.
NOTIC: [8] Undefined variable: page D:\xampp\htdocs\tiku\Application\Home\Controller\TikuController.class.php 第 107 行.
NOTIC: [8] Trying to get property of non-object D:\xampp\htdocs\tiku\Application\Home\Controller\TikuController.class.php 第 107 行.
SQL: SELECT DISTINCT tiku.`id`,tiku.`content`,tiku.`clicks`,tiku_source.`source_name`,tiku_difficulty.section FROM `tiku` INNER JOIN tiku_source on tiku.`source_id`=tiku_source.id INNER JOIN tiku_difficulty on tiku.difficulty_id=tiku_difficulty.id  WHERE ( tiku.course_id=3  )  [ RunTime:0.1070s ]
INFO: [ view_parse ] --START--
INFO: [ template_filter ] --START--
INFO: Run Behavior\ContentReplaceBehavior [ RunTime:0.000000s ]
INFO: [ template_filter ] --END-- [ RunTime:0.000000s ]
NOTIC: [8] Undefined variable: wenli D:\xampp\htdocs\tiku\Application\Runtime\Cache\Home\2d7125a787b7078c141d5942edc0b2c5.php 第 280 行.
INFO: Run Behavior\ParseTemplateBehavior [ RunTime:0.050003s ]
INFO: [ view_parse ] --END-- [ RunTime:0.050003s ]
INFO: [ view_filter ] --START--
INFO: Run Behavior\WriteHtmlCacheBehavior [ RunTime:0.000000s ]
INFO: [ view_filter ] --END-- [ RunTime:0.000000s ]
INFO: [ app_end ] --START--
INFO: Run Behavior\ShowPageTraceBehavior [ RunTime:0.001000s ]
INFO: [ app_end ] --END-- [ RunTime:0.001000s ]

[ 2015-10-26T17:53:01+08:00 ] 127.0.0.1 /tiku/c3/
INFO: [ app_init ] --START--
INFO: Run Behavior\BuildLiteBehavior [ RunTime:0.000000s ]
INFO: [ app_init ] --END-- [ RunTime:0.000000s ]
INFO: [ app_begin ] --START--
INFO: Run Behavior\ReadHtmlCacheBehavior [ RunTime:0.000000s ]
INFO: [ app_begin ] --END-- [ RunTime:0.000000s ]
SQL: SHOW COLUMNS FROM `tiku_course` [ RunTime:0.0030s ]
SQL: SELECT * FROM `tiku_course` WHERE ( status=1 )  [ RunTime:0.0010s ]
NOTIC: [8] Undefined index: f D:\xampp\htdocs\tiku\Application\Home\Controller\TikuController.class.php 第 22 行.
NOTIC: [8] Undefined index: d D:\xampp\htdocs\tiku\Application\Home\Controller\TikuController.class.php 第 23 行.
NOTIC: [8] Undefined index: r D:\xampp\htdocs\tiku\Application\Home\Controller\TikuController.class.php 第 24 行.
NOTIC: [8] Undefined index: t D:\xampp\htdocs\tiku\Application\Home\Controller\TikuController.class.php 第 25 行.
NOTIC: [8] Undefined index: p D:\xampp\htdocs\tiku\Application\Home\Controller\TikuController.class.php 第 26 行.
NOTIC: [8] Undefined index: w D:\xampp\htdocs\tiku\Application\Home\Controller\TikuController.class.php 第 27 行.
NOTIC: [8] Undefined index: y D:\xampp\htdocs\tiku\Application\Home\Controller\TikuController.class.php 第 28 行.
NOTIC: [8] Undefined index: a D:\xampp\htdocs\tiku\Application\Home\Controller\TikuController.class.php 第 29 行.
SQL: SHOW COLUMNS FROM `tiku` [ RunTime:0.0030s ]
NOTIC: [8] Undefined variable: join D:\xampp\htdocs\tiku\Application\Home\Controller\TikuController.class.php 第 100 行.
SQL: SELECT COUNT(DISTINCT tiku.id) AS tp_count FROM `tiku` WHERE ( tiku.course_id=3  ) LIMIT 1   [ RunTime:0.0000s ]
NOTIC: [8] Undefined variable: join D:\xampp\htdocs\tiku\Application\Home\Controller\TikuController.class.php 第 106 行.
NOTIC: [8] Undefined variable: page D:\xampp\htdocs\tiku\Application\Home\Controller\TikuController.class.php 第 107 行.
NOTIC: [8] Trying to get property of non-object D:\xampp\htdocs\tiku\Application\Home\Controller\TikuController.class.php 第 107 行.
SQL: SELECT DISTINCT tiku.`id`,tiku.`content`,tiku.`clicks`,tiku_source.`source_name`,tiku_difficulty.section FROM `tiku` INNER JOIN tiku_source on tiku.`source_id`=tiku_source.id INNER JOIN tiku_difficulty on tiku.difficulty_id=tiku_difficulty.id  WHERE ( tiku.course_id=3  )  [ RunTime:0.0030s ]
INFO: [ view_parse ] --START--
INFO: [ template_filter ] --START--
INFO: Run Behavior\ContentReplaceBehavior [ RunTime:0.001000s ]
INFO: [ template_filter ] --END-- [ RunTime:0.001000s ]
NOTIC: [8] Undefined variable: wenli D:\xampp\htdocs\tiku\Application\Runtime\Cache\Home\2d7125a787b7078c141d5942edc0b2c5.php 第 280 行.
INFO: Run Behavior\ParseTemplateBehavior [ RunTime:0.018001s ]
INFO: [ view_parse ] --END-- [ RunTime:0.018001s ]
INFO: [ view_filter ] --START--
INFO: Run Behavior\WriteHtmlCacheBehavior [ RunTime:0.000000s ]
INFO: [ view_filter ] --END-- [ RunTime:0.000000s ]
INFO: [ app_end ] --START--
INFO: Run Behavior\ShowPageTraceBehavior [ RunTime:0.001000s ]
INFO: [ app_end ] --END-- [ RunTime:0.001000s ]

[ 2015-10-26T18:00:33+08:00 ] 127.0.0.1 /tiku/c3/
INFO: [ app_init ] --START--
INFO: Run Behavior\BuildLiteBehavior [ RunTime:0.000000s ]
INFO: [ app_init ] --END-- [ RunTime:0.001000s ]
INFO: [ app_begin ] --START--
INFO: Run Behavior\ReadHtmlCacheBehavior [ RunTime:0.001000s ]
INFO: [ app_begin ] --END-- [ RunTime:0.007000s ]
SQL: SHOW COLUMNS FROM `tiku_course` [ RunTime:0.0030s ]
SQL: SELECT * FROM `tiku_course` WHERE ( status=1 )  [ RunTime:0.0000s ]
NOTIC: [8] Undefined index: f D:\xampp\htdocs\tiku\Application\Home\Controller\TikuController.class.php 第 22 行.
NOTIC: [8] Undefined index: d D:\xampp\htdocs\tiku\Application\Home\Controller\TikuController.class.php 第 23 行.
NOTIC: [8] Undefined index: r D:\xampp\htdocs\tiku\Application\Home\Controller\TikuController.class.php 第 24 行.
NOTIC: [8] Undefined index: t D:\xampp\htdocs\tiku\Application\Home\Controller\TikuController.class.php 第 25 行.
NOTIC: [8] Undefined index: p D:\xampp\htdocs\tiku\Application\Home\Controller\TikuController.class.php 第 26 行.
NOTIC: [8] Undefined index: w D:\xampp\htdocs\tiku\Application\Home\Controller\TikuController.class.php 第 27 行.
NOTIC: [8] Undefined index: y D:\xampp\htdocs\tiku\Application\Home\Controller\TikuController.class.php 第 28 行.
NOTIC: [8] Undefined index: a D:\xampp\htdocs\tiku\Application\Home\Controller\TikuController.class.php 第 29 行.
SQL: SHOW COLUMNS FROM `tiku` [ RunTime:0.0030s ]
NOTIC: [8] Undefined variable: join D:\xampp\htdocs\tiku\Application\Home\Controller\TikuController.class.php 第 100 行.
SQL: SELECT COUNT(DISTINCT tiku.id) AS tp_count FROM `tiku` WHERE ( tiku.course_id=3  ) LIMIT 1   [ RunTime:0.0010s ]
NOTIC: [8] Undefined variable: join D:\xampp\htdocs\tiku\Application\Home\Controller\TikuController.class.php 第 106 行.
NOTIC: [8] Undefined variable: page D:\xampp\htdocs\tiku\Application\Home\Controller\TikuController.class.php 第 107 行.
NOTIC: [8] Trying to get property of non-object D:\xampp\htdocs\tiku\Application\Home\Controller\TikuController.class.php 第 107 行.
SQL: SELECT DISTINCT tiku.`id`,tiku.`content`,tiku.`clicks`,tiku_source.`source_name`,tiku_difficulty.section FROM `tiku` INNER JOIN tiku_source on tiku.`source_id`=tiku_source.id INNER JOIN tiku_difficulty on tiku.difficulty_id=tiku_difficulty.id  WHERE ( tiku.course_id=3  )  [ RunTime:0.0040s ]
INFO: [ view_parse ] --START--
INFO: [ template_filter ] --START--
INFO: Run Behavior\ContentReplaceBehavior [ RunTime:0.000000s ]
INFO: [ template_filter ] --END-- [ RunTime:0.000000s ]
NOTIC: [8] Undefined variable: wenli D:\xampp\htdocs\tiku\Application\Runtime\Cache\Home\2d7125a787b7078c141d5942edc0b2c5.php 第 280 行.
INFO: Run Behavior\ParseTemplateBehavior [ RunTime:0.019002s ]
INFO: [ view_parse ] --END-- [ RunTime:0.019002s ]
INFO: [ view_filter ] --START--
INFO: Run Behavior\WriteHtmlCacheBehavior [ RunTime:0.000000s ]
INFO: [ view_filter ] --END-- [ RunTime:0.000000s ]
INFO: [ app_end ] --START--
INFO: Run Behavior\ShowPageTraceBehavior [ RunTime:0.001000s ]
INFO: [ app_end ] --END-- [ RunTime:0.004000s ]

[ 2015-10-26T18:00:45+08:00 ] 127.0.0.1 /tiku/c3t1/
INFO: [ app_init ] --START--
INFO: Run Behavior\BuildLiteBehavior [ RunTime:0.000000s ]
INFO: [ app_init ] --END-- [ RunTime:0.001000s ]
INFO: [ app_begin ] --START--
INFO: Run Behavior\ReadHtmlCacheBehavior [ RunTime:0.001000s ]
INFO: [ app_begin ] --END-- [ RunTime:0.001000s ]
SQL: SHOW COLUMNS FROM `tiku_course` [ RunTime:0.0040s ]
SQL: SELECT * FROM `tiku_course` WHERE ( status=1 )  [ RunTime:0.0000s ]
NOTIC: [8] Undefined index: f D:\xampp\htdocs\tiku\Application\Home\Controller\TikuController.class.php 第 22 行.
NOTIC: [8] Undefined index: d D:\xampp\htdocs\tiku\Application\Home\Controller\TikuController.class.php 第 23 行.
NOTIC: [8] Undefined index: r D:\xampp\htdocs\tiku\Application\Home\Controller\TikuController.class.php 第 24 行.
NOTIC: [8] Undefined index: p D:\xampp\htdocs\tiku\Application\Home\Controller\TikuController.class.php 第 26 行.
NOTIC: [8] Undefined index: w D:\xampp\htdocs\tiku\Application\Home\Controller\TikuController.class.php 第 27 行.
NOTIC: [8] Undefined index: y D:\xampp\htdocs\tiku\Application\Home\Controller\TikuController.class.php 第 28 行.
NOTIC: [8] Undefined index: a D:\xampp\htdocs\tiku\Application\Home\Controller\TikuController.class.php 第 29 行.
SQL: SHOW COLUMNS FROM `tiku` [ RunTime:0.0030s ]
NOTIC: [8] Undefined variable: join D:\xampp\htdocs\tiku\Application\Home\Controller\TikuController.class.php 第 100 行.
SQL: SELECT COUNT(DISTINCT tiku.id) AS tp_count FROM `tiku` WHERE ( tiku.course_id=3  && tiku.type_id=1  ) LIMIT 1   [ RunTime:0.0000s ]
NOTIC: [8] Undefined variable: join D:\xampp\htdocs\tiku\Application\Home\Controller\TikuController.class.php 第 106 行.
NOTIC: [8] Undefined variable: page D:\xampp\htdocs\tiku\Application\Home\Controller\TikuController.class.php 第 107 行.
NOTIC: [8] Trying to get property of non-object D:\xampp\htdocs\tiku\Application\Home\Controller\TikuController.class.php 第 107 行.
SQL: SELECT DISTINCT tiku.`id`,tiku.`content`,tiku.`clicks`,tiku_source.`source_name`,tiku_difficulty.section FROM `tiku` INNER JOIN tiku_source on tiku.`source_id`=tiku_source.id INNER JOIN tiku_difficulty on tiku.difficulty_id=tiku_difficulty.id  WHERE ( tiku.course_id=3  && tiku.type_id=1  )  [ RunTime:0.0040s ]
INFO: [ view_parse ] --START--
INFO: [ template_filter ] --START--
INFO: Run Behavior\ContentReplaceBehavior [ RunTime:0.000000s ]
INFO: [ template_filter ] --END-- [ RunTime:0.000000s ]
NOTIC: [8] Undefined variable: wenli D:\xampp\htdocs\tiku\Application\Runtime\Cache\Home\2d7125a787b7078c141d5942edc0b2c5.php 第 280 行.
INFO: Run Behavior\ParseTemplateBehavior [ RunTime:0.017001s ]
INFO: [ view_parse ] --END-- [ RunTime:0.017001s ]
INFO: [ view_filter ] --START--
INFO: Run Behavior\WriteHtmlCacheBehavior [ RunTime:0.000000s ]
INFO: [ view_filter ] --END-- [ RunTime:0.001000s ]
INFO: [ app_end ] --START--
INFO: Run Behavior\ShowPageTraceBehavior [ RunTime:0.000000s ]
INFO: [ app_end ] --END-- [ RunTime:0.000000s ]

[ 2015-10-26T18:00:47+08:00 ] 127.0.0.1 /tiku/c3t2/
INFO: [ app_init ] --START--
INFO: Run Behavior\BuildLiteBehavior [ RunTime:0.000000s ]
INFO: [ app_init ] --END-- [ RunTime:0.001000s ]
INFO: [ app_begin ] --START--
INFO: Run Behavior\ReadHtmlCacheBehavior [ RunTime:0.000000s ]
INFO: [ app_begin ] --END-- [ RunTime:0.000000s ]
SQL: SHOW COLUMNS FROM `tiku_course` [ RunTime:0.0060s ]
SQL: SELECT * FROM `tiku_course` WHERE ( status=1 )  [ RunTime:0.0000s ]
NOTIC: [8] Undefined index: f D:\xampp\htdocs\tiku\Application\Home\Controller\TikuController.class.php 第 22 行.
NOTIC: [8] Undefined index: d D:\xampp\htdocs\tiku\Application\Home\Controller\TikuController.class.php 第 23 行.
NOTIC: [8] Undefined index: r D:\xampp\htdocs\tiku\Application\Home\Controller\TikuController.class.php 第 24 行.
NOTIC: [8] Undefined index: p D:\xampp\htdocs\tiku\Application\Home\Controller\TikuController.class.php 第 26 行.
NOTIC: [8] Undefined index: w D:\xampp\htdocs\tiku\Application\Home\Controller\TikuController.class.php 第 27 行.
NOTIC: [8] Undefined index: y D:\xampp\htdocs\tiku\Application\Home\Controller\TikuController.class.php 第 28 行.
NOTIC: [8] Undefined index: a D:\xampp\htdocs\tiku\Application\Home\Controller\TikuController.class.php 第 29 行.
SQL: SHOW COLUMNS FROM `tiku` [ RunTime:0.0040s ]
NOTIC: [8] Undefined variable: join D:\xampp\htdocs\tiku\Application\Home\Controller\TikuController.class.php 第 100 行.
SQL: SELECT COUNT(DISTINCT tiku.id) AS tp_count FROM `tiku` WHERE ( tiku.course_id=3  && tiku.type_id=2  ) LIMIT 1   [ RunTime:0.0000s ]
NOTIC: [8] Undefined variable: join D:\xampp\htdocs\tiku\Application\Home\Controller\TikuController.class.php 第 106 行.
NOTIC: [8] Undefined variable: page D:\xampp\htdocs\tiku\Application\Home\Controller\TikuController.class.php 第 107 行.
NOTIC: [8] Trying to get property of non-object D:\xampp\htdocs\tiku\Application\Home\Controller\TikuController.class.php 第 107 行.
SQL: SELECT DISTINCT tiku.`id`,tiku.`content`,tiku.`clicks`,tiku_source.`source_name`,tiku_difficulty.section FROM `tiku` INNER JOIN tiku_source on tiku.`source_id`=tiku_source.id INNER JOIN tiku_difficulty on tiku.difficulty_id=tiku_difficulty.id  WHERE ( tiku.course_id=3  && tiku.type_id=2  )  [ RunTime:0.0030s ]
INFO: [ view_parse ] --START--
INFO: [ template_filter ] --START--
INFO: Run Behavior\ContentReplaceBehavior [ RunTime:0.000000s ]
INFO: [ template_filter ] --END-- [ RunTime:0.000000s ]
NOTIC: [8] Undefined variable: wenli D:\xampp\htdocs\tiku\Application\Runtime\Cache\Home\2d7125a787b7078c141d5942edc0b2c5.php 第 280 行.
INFO: Run Behavior\ParseTemplateBehavior [ RunTime:0.019001s ]
INFO: [ view_parse ] --END-- [ RunTime:0.019001s ]
INFO: [ view_filter ] --START--
INFO: Run Behavior\WriteHtmlCacheBehavior [ RunTime:0.000000s ]
INFO: [ view_filter ] --END-- [ RunTime:0.000000s ]
INFO: [ app_end ] --START--
INFO: Run Behavior\ShowPageTraceBehavior [ RunTime:0.001000s ]
INFO: [ app_end ] --END-- [ RunTime:0.001000s ]

[ 2015-10-26T18:00:49+08:00 ] 127.0.0.1 /tiku/c3t1/
INFO: [ app_init ] --START--
INFO: Run Behavior\BuildLiteBehavior [ RunTime:0.000000s ]
INFO: [ app_init ] --END-- [ RunTime:0.000000s ]
INFO: [ app_begin ] --START--
INFO: Run Behavior\ReadHtmlCacheBehavior [ RunTime:0.000000s ]
INFO: [ app_begin ] --END-- [ RunTime:0.000000s ]
SQL: SHOW COLUMNS FROM `tiku_course` [ RunTime:0.0030s ]
SQL: SELECT * FROM `tiku_course` WHERE ( status=1 )  [ RunTime:0.0000s ]
NOTIC: [8] Undefined index: f D:\xampp\htdocs\tiku\Application\Home\Controller\TikuController.class.php 第 22 行.
NOTIC: [8] Undefined index: d D:\xampp\htdocs\tiku\Application\Home\Controller\TikuController.class.php 第 23 行.
NOTIC: [8] Undefined index: r D:\xampp\htdocs\tiku\Application\Home\Controller\TikuController.class.php 第 24 行.
NOTIC: [8] Undefined index: p D:\xampp\htdocs\tiku\Application\Home\Controller\TikuController.class.php 第 26 行.
NOTIC: [8] Undefined index: w D:\xampp\htdocs\tiku\Application\Home\Controller\TikuController.class.php 第 27 行.
NOTIC: [8] Undefined index: y D:\xampp\htdocs\tiku\Application\Home\Controller\TikuController.class.php 第 28 行.
NOTIC: [8] Undefined index: a D:\xampp\htdocs\tiku\Application\Home\Controller\TikuController.class.php 第 29 行.
SQL: SHOW COLUMNS FROM `tiku` [ RunTime:0.0040s ]
NOTIC: [8] Undefined variable: join D:\xampp\htdocs\tiku\Application\Home\Controller\TikuController.class.php 第 100 行.
SQL: SELECT COUNT(DISTINCT tiku.id) AS tp_count FROM `tiku` WHERE ( tiku.course_id=3  && tiku.type_id=1  ) LIMIT 1   [ RunTime:0.0010s ]
NOTIC: [8] Undefined variable: join D:\xampp\htdocs\tiku\Application\Home\Controller\TikuController.class.php 第 106 行.
NOTIC: [8] Undefined variable: page D:\xampp\htdocs\tiku\Application\Home\Controller\TikuController.class.php 第 107 行.
NOTIC: [8] Trying to get property of non-object D:\xampp\htdocs\tiku\Application\Home\Controller\TikuController.class.php 第 107 行.
SQL: SELECT DISTINCT tiku.`id`,tiku.`content`,tiku.`clicks`,tiku_source.`source_name`,tiku_difficulty.section FROM `tiku` INNER JOIN tiku_source on tiku.`source_id`=tiku_source.id INNER JOIN tiku_difficulty on tiku.difficulty_id=tiku_difficulty.id  WHERE ( tiku.course_id=3  && tiku.type_id=1  )  [ RunTime:0.0030s ]
INFO: [ view_parse ] --START--
INFO: [ template_filter ] --START--
INFO: Run Behavior\ContentReplaceBehavior [ RunTime:0.000000s ]
INFO: [ template_filter ] --END-- [ RunTime:0.000000s ]
NOTIC: [8] Undefined variable: wenli D:\xampp\htdocs\tiku\Application\Runtime\Cache\Home\2d7125a787b7078c141d5942edc0b2c5.php 第 280 行.
INFO: Run Behavior\ParseTemplateBehavior [ RunTime:0.016001s ]
INFO: [ view_parse ] --END-- [ RunTime:0.016001s ]
INFO: [ view_filter ] --START--
INFO: Run Behavior\WriteHtmlCacheBehavior [ RunTime:0.000000s ]
INFO: [ view_filter ] --END-- [ RunTime:0.000000s ]
INFO: [ app_end ] --START--
INFO: Run Behavior\ShowPageTraceBehavior [ RunTime:0.001000s ]
INFO: [ app_end ] --END-- [ RunTime:0.001000s ]

[ 2015-10-26T18:00:51+08:00 ] 127.0.0.1 /tiku/c3/
INFO: [ app_init ] --START--
INFO: Run Behavior\BuildLiteBehavior [ RunTime:0.000000s ]
INFO: [ app_init ] --END-- [ RunTime:0.000000s ]
INFO: [ app_begin ] --START--
INFO: Run Behavior\ReadHtmlCacheBehavior [ RunTime:0.000000s ]
INFO: [ app_begin ] --END-- [ RunTime:0.000000s ]
SQL: SHOW COLUMNS FROM `tiku_course` [ RunTime:0.0040s ]
SQL: SELECT * FROM `tiku_course` WHERE ( status=1 )  [ RunTime:0.0000s ]
NOTIC: [8] Undefined index: f D:\xampp\htdocs\tiku\Application\Home\Controller\TikuController.class.php 第 22 行.
NOTIC: [8] Undefined index: d D:\xampp\htdocs\tiku\Application\Home\Controller\TikuController.class.php 第 23 行.
NOTIC: [8] Undefined index: r D:\xampp\htdocs\tiku\Application\Home\Controller\TikuController.class.php 第 24 行.
NOTIC: [8] Undefined index: t D:\xampp\htdocs\tiku\Application\Home\Controller\TikuController.class.php 第 25 行.
NOTIC: [8] Undefined index: p D:\xampp\htdocs\tiku\Application\Home\Controller\TikuController.class.php 第 26 行.
NOTIC: [8] Undefined index: w D:\xampp\htdocs\tiku\Application\Home\Controller\TikuController.class.php 第 27 行.
NOTIC: [8] Undefined index: y D:\xampp\htdocs\tiku\Application\Home\Controller\TikuController.class.php 第 28 行.
NOTIC: [8] Undefined index: a D:\xampp\htdocs\tiku\Application\Home\Controller\TikuController.class.php 第 29 行.
SQL: SHOW COLUMNS FROM `tiku` [ RunTime:0.0040s ]
NOTIC: [8] Undefined variable: join D:\xampp\htdocs\tiku\Application\Home\Controller\TikuController.class.php 第 100 行.
SQL: SELECT COUNT(DISTINCT tiku.id) AS tp_count FROM `tiku` WHERE ( tiku.course_id=3  ) LIMIT 1   [ RunTime:0.0000s ]
NOTIC: [8] Undefined variable: join D:\xampp\htdocs\tiku\Application\Home\Controller\TikuController.class.php 第 106 行.
NOTIC: [8] Undefined variable: page D:\xampp\htdocs\tiku\Application\Home\Controller\TikuController.class.php 第 107 行.
NOTIC: [8] Trying to get property of non-object D:\xampp\htdocs\tiku\Application\Home\Controller\TikuController.class.php 第 107 行.
SQL: SELECT DISTINCT tiku.`id`,tiku.`content`,tiku.`clicks`,tiku_source.`source_name`,tiku_difficulty.section FROM `tiku` INNER JOIN tiku_source on tiku.`source_id`=tiku_source.id INNER JOIN tiku_difficulty on tiku.difficulty_id=tiku_difficulty.id  WHERE ( tiku.course_id=3  )  [ RunTime:0.0050s ]
INFO: [ view_parse ] --START--
INFO: [ template_filter ] --START--
INFO: Run Behavior\ContentReplaceBehavior [ RunTime:0.000000s ]
INFO: [ template_filter ] --END-- [ RunTime:0.000000s ]
NOTIC: [8] Undefined variable: wenli D:\xampp\htdocs\tiku\Application\Runtime\Cache\Home\2d7125a787b7078c141d5942edc0b2c5.php 第 280 行.
INFO: Run Behavior\ParseTemplateBehavior [ RunTime:0.016001s ]
INFO: [ view_parse ] --END-- [ RunTime:0.016001s ]
INFO: [ view_filter ] --START--
INFO: Run Behavior\WriteHtmlCacheBehavior [ RunTime:0.000000s ]
INFO: [ view_filter ] --END-- [ RunTime:0.000000s ]
INFO: [ app_end ] --START--
INFO: Run Behavior\ShowPageTraceBehavior [ RunTime:0.000000s ]
INFO: [ app_end ] --END-- [ RunTime:0.001000s ]

[ 2015-10-26T18:00:53+08:00 ] 127.0.0.1 /tiku/c3d1/
INFO: [ app_init ] --START--
INFO: Run Behavior\BuildLiteBehavior [ RunTime:0.000000s ]
INFO: [ app_init ] --END-- [ RunTime:0.001000s ]
INFO: [ app_begin ] --START--
INFO: Run Behavior\ReadHtmlCacheBehavior [ RunTime:0.000000s ]
INFO: [ app_begin ] --END-- [ RunTime:0.001000s ]
SQL: SHOW COLUMNS FROM `tiku_course` [ RunTime:0.0030s ]
SQL: SELECT * FROM `tiku_course` WHERE ( status=1 )  [ RunTime:0.0010s ]
NOTIC: [8] Undefined index: f D:\xampp\htdocs\tiku\Application\Home\Controller\TikuController.class.php 第 22 行.
NOTIC: [8] Undefined index: r D:\xampp\htdocs\tiku\Application\Home\Controller\TikuController.class.php 第 24 行.
NOTIC: [8] Undefined index: t D:\xampp\htdocs\tiku\Application\Home\Controller\TikuController.class.php 第 25 行.
NOTIC: [8] Undefined index: p D:\xampp\htdocs\tiku\Application\Home\Controller\TikuController.class.php 第 26 行.
NOTIC: [8] Undefined index: w D:\xampp\htdocs\tiku\Application\Home\Controller\TikuController.class.php 第 27 行.
NOTIC: [8] Undefined index: y D:\xampp\htdocs\tiku\Application\Home\Controller\TikuController.class.php 第 28 行.
NOTIC: [8] Undefined index: a D:\xampp\htdocs\tiku\Application\Home\Controller\TikuController.class.php 第 29 行.
SQL: SHOW COLUMNS FROM `tiku` [ RunTime:0.0040s ]
NOTIC: [8] Undefined variable: join D:\xampp\htdocs\tiku\Application\Home\Controller\TikuController.class.php 第 100 行.
SQL: SELECT COUNT(DISTINCT tiku.id) AS tp_count FROM `tiku` WHERE ( tiku.course_id=3  && tiku.difficulty_id=1  ) LIMIT 1   [ RunTime:0.0000s ]
NOTIC: [8] Undefined variable: join D:\xampp\htdocs\tiku\Application\Home\Controller\TikuController.class.php 第 106 行.
NOTIC: [8] Undefined variable: page D:\xampp\htdocs\tiku\Application\Home\Controller\TikuController.class.php 第 107 行.
NOTIC: [8] Trying to get property of non-object D:\xampp\htdocs\tiku\Application\Home\Controller\TikuController.class.php 第 107 行.
SQL: SELECT DISTINCT tiku.`id`,tiku.`content`,tiku.`clicks`,tiku_source.`source_name`,tiku_difficulty.section FROM `tiku` INNER JOIN tiku_source on tiku.`source_id`=tiku_source.id INNER JOIN tiku_difficulty on tiku.difficulty_id=tiku_difficulty.id  WHERE ( tiku.course_id=3  && tiku.difficulty_id=1  )  [ RunTime:0.0040s ]
INFO: [ view_parse ] --START--
INFO: [ template_filter ] --START--
INFO: Run Behavior\ContentReplaceBehavior [ RunTime:0.000000s ]
INFO: [ template_filter ] --END-- [ RunTime:0.000000s ]
NOTIC: [8] Undefined variable: wenli D:\xampp\htdocs\tiku\Application\Runtime\Cache\Home\2d7125a787b7078c141d5942edc0b2c5.php 第 280 行.
INFO: Run Behavior\ParseTemplateBehavior [ RunTime:0.017001s ]
INFO: [ view_parse ] --END-- [ RunTime:0.017001s ]
INFO: [ view_filter ] --START--
INFO: Run Behavior\WriteHtmlCacheBehavior [ RunTime:0.000000s ]
INFO: [ view_filter ] --END-- [ RunTime:0.000000s ]
INFO: [ app_end ] --START--
INFO: Run Behavior\ShowPageTraceBehavior [ RunTime:0.000000s ]
INFO: [ app_end ] --END-- [ RunTime:0.001000s ]

[ 2015-10-26T18:00:57+08:00 ] 127.0.0.1 /tiku/c3d1f1/
INFO: [ app_init ] --START--
INFO: Run Behavior\BuildLiteBehavior [ RunTime:0.000000s ]
INFO: [ app_init ] --END-- [ RunTime:0.000000s ]
INFO: [ app_begin ] --START--
INFO: Run Behavior\ReadHtmlCacheBehavior [ RunTime:0.000000s ]
INFO: [ app_begin ] --END-- [ RunTime:0.000000s ]
SQL: SHOW COLUMNS FROM `tiku_course` [ RunTime:0.0060s ]
SQL: SELECT * FROM `tiku_course` WHERE ( status=1 )  [ RunTime:0.0000s ]
NOTIC: [8] Undefined index: r D:\xampp\htdocs\tiku\Application\Home\Controller\TikuController.class.php 第 24 行.
NOTIC: [8] Undefined index: t D:\xampp\htdocs\tiku\Application\Home\Controller\TikuController.class.php 第 25 行.
NOTIC: [8] Undefined index: p D:\xampp\htdocs\tiku\Application\Home\Controller\TikuController.class.php 第 26 行.
NOTIC: [8] Undefined index: w D:\xampp\htdocs\tiku\Application\Home\Controller\TikuController.class.php 第 27 行.
NOTIC: [8] Undefined index: y D:\xampp\htdocs\tiku\Application\Home\Controller\TikuController.class.php 第 28 行.
NOTIC: [8] Undefined index: a D:\xampp\htdocs\tiku\Application\Home\Controller\TikuController.class.php 第 29 行.
SQL: SHOW COLUMNS FROM `tiku_course` [ RunTime:0.0030s ]
SQL: SELECT * FROM `tiku_course` WHERE ( id=3 ) LIMIT 1   [ RunTime:0.0000s ]
SQL: SHOW COLUMNS FROM `tiku_feature` [ RunTime:0.0120s ]
SQL: SELECT * FROM `tiku_feature` WHERE ( id=1 ) LIMIT 1   [ RunTime:0.0010s ]
SQL: SELECT * FROM `tiku_feature` WHERE ( id=1 ) LIMIT 1   [ RunTime:0.0000s ]
SQL: SHOW COLUMNS FROM `tiku` [ RunTime:0.0040s ]
NOTIC: [8] Undefined variable: join D:\xampp\htdocs\tiku\Application\Home\Controller\TikuController.class.php 第 100 行.
SQL: SELECT COUNT(DISTINCT tiku.id) AS tp_count FROM `tiku` WHERE ( tiku.course_id=3  && tiku.difficulty_id=1  && tiku.feature_id=1 ) LIMIT 1   [ RunTime:0.0000s ]
NOTIC: [8] Undefined variable: join D:\xampp\htdocs\tiku\Application\Home\Controller\TikuController.class.php 第 106 行.
NOTIC: [8] Undefined variable: page D:\xampp\htdocs\tiku\Application\Home\Controller\TikuController.class.php 第 107 行.
NOTIC: [8] Trying to get property of non-object D:\xampp\htdocs\tiku\Application\Home\Controller\TikuController.class.php 第 107 行.
SQL: SELECT DISTINCT tiku.`id`,tiku.`content`,tiku.`clicks`,tiku_source.`source_name`,tiku_difficulty.section FROM `tiku` INNER JOIN tiku_source on tiku.`source_id`=tiku_source.id INNER JOIN tiku_difficulty on tiku.difficulty_id=tiku_difficulty.id  WHERE ( tiku.course_id=3  && tiku.difficulty_id=1  && tiku.feature_id=1 )  [ RunTime:0.0070s ]
INFO: [ view_parse ] --START--
INFO: [ template_filter ] --START--
INFO: Run Behavior\ContentReplaceBehavior [ RunTime:0.000000s ]
INFO: [ template_filter ] --END-- [ RunTime:0.001000s ]
INFO: Run Behavior\ParseTemplateBehavior [ RunTime:0.017001s ]
INFO: [ view_parse ] --END-- [ RunTime:0.017001s ]
INFO: [ view_filter ] --START--
INFO: Run Behavior\WriteHtmlCacheBehavior [ RunTime:0.000000s ]
INFO: [ view_filter ] --END-- [ RunTime:0.000000s ]
INFO: [ app_end ] --START--
INFO: Run Behavior\ShowPageTraceBehavior [ RunTime:0.001000s ]
INFO: [ app_end ] --END-- [ RunTime:0.002000s ]

[ 2015-10-26T18:01:18+08:00 ] 127.0.0.1 /tiku/c3f1/
INFO: [ app_init ] --START--
INFO: Run Behavior\BuildLiteBehavior [ RunTime:0.000000s ]
INFO: [ app_init ] --END-- [ RunTime:0.000000s ]
INFO: [ app_begin ] --START--
INFO: Run Behavior\ReadHtmlCacheBehavior [ RunTime:0.000000s ]
INFO: [ app_begin ] --END-- [ RunTime:0.000000s ]
SQL: SHOW COLUMNS FROM `tiku_course` [ RunTime:0.0030s ]
SQL: SELECT * FROM `tiku_course` WHERE ( status=1 )  [ RunTime:0.0000s ]
NOTIC: [8] Undefined index: d D:\xampp\htdocs\tiku\Application\Home\Controller\TikuController.class.php 第 23 行.
NOTIC: [8] Undefined index: r D:\xampp\htdocs\tiku\Application\Home\Controller\TikuController.class.php 第 24 行.
NOTIC: [8] Undefined index: t D:\xampp\htdocs\tiku\Application\Home\Controller\TikuController.class.php 第 25 行.
NOTIC: [8] Undefined index: p D:\xampp\htdocs\tiku\Application\Home\Controller\TikuController.class.php 第 26 行.
NOTIC: [8] Undefined index: w D:\xampp\htdocs\tiku\Application\Home\Controller\TikuController.class.php 第 27 行.
NOTIC: [8] Undefined index: y D:\xampp\htdocs\tiku\Application\Home\Controller\TikuController.class.php 第 28 行.
NOTIC: [8] Undefined index: a D:\xampp\htdocs\tiku\Application\Home\Controller\TikuController.class.php 第 29 行.
SQL: SHOW COLUMNS FROM `tiku_course` [ RunTime:0.0030s ]
SQL: SELECT * FROM `tiku_course` WHERE ( id=3 ) LIMIT 1   [ RunTime:0.0000s ]
SQL: SHOW COLUMNS FROM `tiku_feature` [ RunTime:0.0020s ]
SQL: SELECT * FROM `tiku_feature` WHERE ( id=1 ) LIMIT 1   [ RunTime:0.0000s ]
SQL: SELECT * FROM `tiku_feature` WHERE ( id=1 ) LIMIT 1   [ RunTime:0.0010s ]
SQL: SHOW COLUMNS FROM `tiku` [ RunTime:0.0040s ]
NOTIC: [8] Undefined variable: join D:\xampp\htdocs\tiku\Application\Home\Controller\TikuController.class.php 第 84 行.
SQL: SELECT distinct tiku_source.year FROM `tiku` INNER JOIN tiku_source on tiku.source_id=tiku_source.id   WHERE ( tiku.course_id=3  && tiku.feature_id=1 ) ORDER BY tiku_source.year desc  [ RunTime:0.0000s ]
NOTIC: [8] Use of undefined constant FILE_CACHE_TIME - assumed 'FILE_CACHE_TIME' D:\xampp\htdocs\tiku\Application\Home\Controller\TikuController.class.php 第 85 行.
NOTIC: [8] Undefined variable: join D:\xampp\htdocs\tiku\Application\Home\Controller\TikuController.class.php 第 92 行.
SQL: SELECT distinct province.id,province.province_name FROM `tiku` INNER JOIN tiku_source on tiku.source_id=tiku_source.id INNER JOIN province on tiku_source.province_id=province.id  WHERE ( tiku.course_id=3  && tiku.feature_id=1 ) ORDER BY tiku_source.year desc  [ RunTime:0.0000s ]
NOTIC: [8] Use of undefined constant FILE_CACHE_TIME - assumed 'FILE_CACHE_TIME' D:\xampp\htdocs\tiku\Application\Home\Controller\TikuController.class.php 第 94 行.
NOTIC: [8] Undefined variable: join D:\xampp\htdocs\tiku\Application\Home\Controller\TikuController.class.php 第 100 行.
SQL: SELECT COUNT(DISTINCT tiku.id) AS tp_count FROM `tiku` WHERE ( tiku.course_id=3  && tiku.feature_id=1 ) LIMIT 1   [ RunTime:0.0000s ]
NOTIC: [8] Undefined variable: join D:\xampp\htdocs\tiku\Application\Home\Controller\TikuController.class.php 第 106 行.
NOTIC: [8] Undefined variable: page D:\xampp\htdocs\tiku\Application\Home\Controller\TikuController.class.php 第 107 行.
NOTIC: [8] Trying to get property of non-object D:\xampp\htdocs\tiku\Application\Home\Controller\TikuController.class.php 第 107 行.
SQL: SELECT DISTINCT tiku.`id`,tiku.`content`,tiku.`clicks`,tiku_source.`source_name`,tiku_difficulty.section FROM `tiku` INNER JOIN tiku_source on tiku.`source_id`=tiku_source.id INNER JOIN tiku_difficulty on tiku.difficulty_id=tiku_difficulty.id  WHERE ( tiku.course_id=3  && tiku.feature_id=1 )  [ RunTime:0.0030s ]
INFO: [ view_parse ] --START--
INFO: [ template_filter ] --START--
INFO: Run Behavior\ContentReplaceBehavior [ RunTime:0.000000s ]
INFO: [ template_filter ] --END-- [ RunTime:0.000000s ]
INFO: Run Behavior\ParseTemplateBehavior [ RunTime:0.015001s ]
INFO: [ view_parse ] --END-- [ RunTime:0.015001s ]
INFO: [ view_filter ] --START--
INFO: Run Behavior\WriteHtmlCacheBehavior [ RunTime:0.000000s ]
INFO: [ view_filter ] --END-- [ RunTime:0.000000s ]
INFO: [ app_end ] --START--
INFO: Run Behavior\ShowPageTraceBehavior [ RunTime:0.001000s ]
INFO: [ app_end ] --END-- [ RunTime:0.001000s ]

[ 2015-10-26T18:01:20+08:00 ] 127.0.0.1 /tiku/c3/
INFO: [ app_init ] --START--
INFO: Run Behavior\BuildLiteBehavior [ RunTime:0.000000s ]
INFO: [ app_init ] --END-- [ RunTime:0.001000s ]
INFO: [ app_begin ] --START--
INFO: Run Behavior\ReadHtmlCacheBehavior [ RunTime:0.000000s ]
INFO: [ app_begin ] --END-- [ RunTime:0.000000s ]
SQL: SHOW COLUMNS FROM `tiku_course` [ RunTime:0.0040s ]
SQL: SELECT * FROM `tiku_course` WHERE ( status=1 )  [ RunTime:0.0000s ]
NOTIC: [8] Undefined index: f D:\xampp\htdocs\tiku\Application\Home\Controller\TikuController.class.php 第 22 行.
NOTIC: [8] Undefined index: d D:\xampp\htdocs\tiku\Application\Home\Controller\TikuController.class.php 第 23 行.
NOTIC: [8] Undefined index: r D:\xampp\htdocs\tiku\Application\Home\Controller\TikuController.class.php 第 24 行.
NOTIC: [8] Undefined index: t D:\xampp\htdocs\tiku\Application\Home\Controller\TikuController.class.php 第 25 行.
NOTIC: [8] Undefined index: p D:\xampp\htdocs\tiku\Application\Home\Controller\TikuController.class.php 第 26 行.
NOTIC: [8] Undefined index: w D:\xampp\htdocs\tiku\Application\Home\Controller\TikuController.class.php 第 27 行.
NOTIC: [8] Undefined index: y D:\xampp\htdocs\tiku\Application\Home\Controller\TikuController.class.php 第 28 行.
NOTIC: [8] Undefined index: a D:\xampp\htdocs\tiku\Application\Home\Controller\TikuController.class.php 第 29 行.
SQL: SHOW COLUMNS FROM `tiku` [ RunTime:0.0040s ]
NOTIC: [8] Undefined variable: join D:\xampp\htdocs\tiku\Application\Home\Controller\TikuController.class.php 第 100 行.
SQL: SELECT COUNT(DISTINCT tiku.id) AS tp_count FROM `tiku` WHERE ( tiku.course_id=3  ) LIMIT 1   [ RunTime:0.0010s ]
NOTIC: [8] Undefined variable: join D:\xampp\htdocs\tiku\Application\Home\Controller\TikuController.class.php 第 106 行.
NOTIC: [8] Undefined variable: page D:\xampp\htdocs\tiku\Application\Home\Controller\TikuController.class.php 第 107 行.
NOTIC: [8] Trying to get property of non-object D:\xampp\htdocs\tiku\Application\Home\Controller\TikuController.class.php 第 107 行.
SQL: SELECT DISTINCT tiku.`id`,tiku.`content`,tiku.`clicks`,tiku_source.`source_name`,tiku_difficulty.section FROM `tiku` INNER JOIN tiku_source on tiku.`source_id`=tiku_source.id INNER JOIN tiku_difficulty on tiku.difficulty_id=tiku_difficulty.id  WHERE ( tiku.course_id=3  )  [ RunTime:0.0150s ]
INFO: [ view_parse ] --START--
INFO: [ template_filter ] --START--
INFO: Run Behavior\ContentReplaceBehavior [ RunTime:0.000000s ]
INFO: [ template_filter ] --END-- [ RunTime:0.000000s ]
NOTIC: [8] Undefined variable: wenli D:\xampp\htdocs\tiku\Application\Runtime\Cache\Home\2d7125a787b7078c141d5942edc0b2c5.php 第 280 行.
INFO: Run Behavior\ParseTemplateBehavior [ RunTime:0.011001s ]
INFO: [ view_parse ] --END-- [ RunTime:0.011001s ]
INFO: [ view_filter ] --START--
INFO: Run Behavior\WriteHtmlCacheBehavior [ RunTime:0.000000s ]
INFO: [ view_filter ] --END-- [ RunTime:0.000000s ]
INFO: [ app_end ] --START--
INFO: Run Behavior\ShowPageTraceBehavior [ RunTime:0.000000s ]
INFO: [ app_end ] --END-- [ RunTime:0.000000s ]

[ 2015-10-26T18:12:46+08:00 ] 127.0.0.1 /tiku/c3/
INFO: [ app_init ] --START--
INFO: Run Behavior\BuildLiteBehavior [ RunTime:0.000000s ]
INFO: [ app_init ] --END-- [ RunTime:0.001000s ]
INFO: [ app_begin ] --START--
INFO: Run Behavior\ReadHtmlCacheBehavior [ RunTime:0.001000s ]
INFO: [ app_begin ] --END-- [ RunTime:0.001000s ]
SQL: SHOW COLUMNS FROM `tiku_course` [ RunTime:0.0050s ]
SQL: SELECT * FROM `tiku_course` WHERE ( status=1 )  [ RunTime:0.0010s ]
NOTIC: [8] Undefined index: f D:\xampp\htdocs\tiku\Application\Home\Controller\TikuController.class.php 第 22 行.
NOTIC: [8] Undefined index: d D:\xampp\htdocs\tiku\Application\Home\Controller\TikuController.class.php 第 23 行.
NOTIC: [8] Undefined index: r D:\xampp\htdocs\tiku\Application\Home\Controller\TikuController.class.php 第 24 行.
NOTIC: [8] Undefined index: t D:\xampp\htdocs\tiku\Application\Home\Controller\TikuController.class.php 第 25 行.
NOTIC: [8] Undefined index: p D:\xampp\htdocs\tiku\Application\Home\Controller\TikuController.class.php 第 26 行.
NOTIC: [8] Undefined index: w D:\xampp\htdocs\tiku\Application\Home\Controller\TikuController.class.php 第 27 行.
NOTIC: [8] Undefined index: y D:\xampp\htdocs\tiku\Application\Home\Controller\TikuController.class.php 第 28 行.
NOTIC: [8] Undefined index: a D:\xampp\htdocs\tiku\Application\Home\Controller\TikuController.class.php 第 29 行.
SQL: SHOW COLUMNS FROM `tiku` [ RunTime:0.0050s ]
NOTIC: [8] Undefined variable: join D:\xampp\htdocs\tiku\Application\Home\Controller\TikuController.class.php 第 100 行.
SQL: SELECT COUNT(DISTINCT tiku.id) AS tp_count FROM `tiku` WHERE ( tiku.course_id=3  ) LIMIT 1   [ RunTime:0.0000s ]
NOTIC: [8] Undefined variable: join D:\xampp\htdocs\tiku\Application\Home\Controller\TikuController.class.php 第 106 行.
NOTIC: [8] Undefined variable: page D:\xampp\htdocs\tiku\Application\Home\Controller\TikuController.class.php 第 107 行.
NOTIC: [8] Trying to get property of non-object D:\xampp\htdocs\tiku\Application\Home\Controller\TikuController.class.php 第 107 行.
SQL: SELECT DISTINCT tiku.`id`,tiku.`content`,tiku.`clicks`,tiku_source.`source_name`,tiku_difficulty.section FROM `tiku` INNER JOIN tiku_source on tiku.`source_id`=tiku_source.id INNER JOIN tiku_difficulty on tiku.difficulty_id=tiku_difficulty.id  WHERE ( tiku.course_id=3  )  [ RunTime:0.0060s ]
INFO: [ view_parse ] --START--
INFO: [ template_filter ] --START--
INFO: Run Behavior\ContentReplaceBehavior [ RunTime:0.000000s ]
INFO: [ template_filter ] --END-- [ RunTime:0.000000s ]
NOTIC: [8] Undefined variable: wenli D:\xampp\htdocs\tiku\Application\Runtime\Cache\Home\2d7125a787b7078c141d5942edc0b2c5.php 第 280 行.
INFO: Run Behavior\ParseTemplateBehavior [ RunTime:0.014001s ]
INFO: [ view_parse ] --END-- [ RunTime:0.014001s ]
INFO: [ view_filter ] --START--
INFO: Run Behavior\WriteHtmlCacheBehavior [ RunTime:0.000000s ]
INFO: [ view_filter ] --END-- [ RunTime:0.000000s ]
INFO: [ app_end ] --START--
INFO: Run Behavior\ShowPageTraceBehavior [ RunTime:0.000000s ]
INFO: [ app_end ] --END-- [ RunTime:0.000000s ]

