[ 2015-10-29T08:59:03+08:00 ] 127.0.0.1 /tiku/c3/
INFO: [ app_init ] --START--
INFO: Run Behavior\BuildLiteBehavior [ RunTime:0.000000s ]
INFO: [ app_init ] --END-- [ RunTime:0.001000s ]
INFO: [ app_begin ] --START--
INFO: Run Behavior\ReadHtmlCacheBehavior [ RunTime:0.001000s ]
INFO: [ app_begin ] --END-- [ RunTime:0.001000s ]
SQL: SHOW COLUMNS FROM `tiku_course` [ RunTime:0.0050s ]
SQL: SELECT * FROM `tiku_course` WHERE ( status=1 )  [ RunTime:0.0000s ]
NOTIC: [8] Undefined index: f D:\xampp\htdocs\tiku\Application\Home\Controller\TikuController.class.php 第 22 行.
NOTIC: [8] Undefined index: d D:\xampp\htdocs\tiku\Application\Home\Controller\TikuController.class.php 第 23 行.
NOTIC: [8] Undefined index: r D:\xampp\htdocs\tiku\Application\Home\Controller\TikuController.class.php 第 24 行.
NOTIC: [8] Undefined index: t D:\xampp\htdocs\tiku\Application\Home\Controller\TikuController.class.php 第 25 行.
NOTIC: [8] Undefined index: p D:\xampp\htdocs\tiku\Application\Home\Controller\TikuController.class.php 第 26 行.
NOTIC: [8] Undefined index: w D:\xampp\htdocs\tiku\Application\Home\Controller\TikuController.class.php 第 27 行.
NOTIC: [8] Undefined index: y D:\xampp\htdocs\tiku\Application\Home\Controller\TikuController.class.php 第 28 行.
NOTIC: [8] Undefined index: a D:\xampp\htdocs\tiku\Application\Home\Controller\TikuController.class.php 第 29 行.
SQL: SHOW COLUMNS FROM `tiku` [ RunTime:0.0030s ]
NOTIC: [8] Undefined variable: join D:\xampp\htdocs\tiku\Application\Home\Controller\TikuController.class.php 第 100 行.
SQL: SELECT COUNT(DISTINCT tiku.id) AS tp_count FROM `tiku` WHERE ( tiku.course_id=3  ) LIMIT 1   [ RunTime:0.0000s ]
NOTIC: [8] Undefined variable: join D:\xampp\htdocs\tiku\Application\Home\Controller\TikuController.class.php 第 106 行.
NOTIC: [8] Undefined variable: page D:\xampp\htdocs\tiku\Application\Home\Controller\TikuController.class.php 第 107 行.
NOTIC: [8] Trying to get property of non-object D:\xampp\htdocs\tiku\Application\Home\Controller\TikuController.class.php 第 107 行.
SQL: SELECT DISTINCT tiku.`id`,tiku.`content`,tiku.`clicks`,tiku_source.`source_name`,tiku_difficulty.section FROM `tiku` INNER JOIN tiku_source on tiku.`source_id`=tiku_source.id INNER JOIN tiku_difficulty on tiku.difficulty_id=tiku_difficulty.id  WHERE ( tiku.course_id=3  )  [ RunTime:0.0040s ]
INFO: [ view_parse ] --START--
INFO: [ template_filter ] --START--
INFO: Run Behavior\ContentReplaceBehavior [ RunTime:0.000000s ]
INFO: [ template_filter ] --END-- [ RunTime:0.000000s ]
NOTIC: [8] Undefined variable: wenli D:\xampp\htdocs\tiku\Application\Runtime\Cache\Home\2d7125a787b7078c141d5942edc0b2c5.php 第 280 行.
INFO: Run Behavior\ParseTemplateBehavior [ RunTime:0.026002s ]
INFO: [ view_parse ] --END-- [ RunTime:0.027002s ]
INFO: [ view_filter ] --START--
INFO: Run Behavior\WriteHtmlCacheBehavior [ RunTime:0.001000s ]
INFO: [ view_filter ] --END-- [ RunTime:0.001000s ]
INFO: [ app_end ] --START--
INFO: Run Behavior\ShowPageTraceBehavior [ RunTime:0.001000s ]
INFO: [ app_end ] --END-- [ RunTime:0.001000s ]

[ 2015-10-29T10:15:23+08:00 ] 127.0.0.1 /
INFO: [ app_init ] --START--
INFO: Run Behavior\BuildLiteBehavior [ RunTime:0.000000s ]
INFO: [ app_init ] --END-- [ RunTime:0.000000s ]
INFO: [ app_begin ] --START--
INFO: Run Behavior\ReadHtmlCacheBehavior [ RunTime:0.000000s ]
INFO: [ app_begin ] --END-- [ RunTime:0.000000s ]
SQL: SHOW COLUMNS FROM `tiku_course` [ RunTime:0.0030s ]
SQL: SELECT * FROM `tiku_course` WHERE ( status=1 )  [ RunTime:0.0350s ]
INFO: [ view_parse ] --START--
INFO: [ template_filter ] --START--
INFO: Run Behavior\ContentReplaceBehavior [ RunTime:0.041002s ]
INFO: [ template_filter ] --END-- [ RunTime:0.041002s ]
INFO: Run Behavior\ParseTemplateBehavior [ RunTime:0.298017s ]
INFO: [ view_parse ] --END-- [ RunTime:0.298017s ]
INFO: [ view_filter ] --START--
INFO: Run Behavior\WriteHtmlCacheBehavior [ RunTime:0.038002s ]
INFO: [ view_filter ] --END-- [ RunTime:0.038002s ]
INFO: [ app_end ] --START--
INFO: Run Behavior\ShowPageTraceBehavior [ RunTime:0.001000s ]
INFO: [ app_end ] --END-- [ RunTime:0.001000s ]

[ 2015-10-29T10:15:29+08:00 ] 127.0.0.1 /tiku/c3/
INFO: [ app_init ] --START--
INFO: Run Behavior\BuildLiteBehavior [ RunTime:0.000000s ]
INFO: [ app_init ] --END-- [ RunTime:0.001000s ]
INFO: [ app_begin ] --START--
INFO: Run Behavior\ReadHtmlCacheBehavior [ RunTime:0.001000s ]
INFO: [ app_begin ] --END-- [ RunTime:0.001000s ]
SQL: SHOW COLUMNS FROM `tiku_course` [ RunTime:0.0030s ]
SQL: SELECT * FROM `tiku_course` WHERE ( status=1 )  [ RunTime:0.0000s ]
NOTIC: [8] Undefined index: f D:\xampp\htdocs\tiku\Application\Home\Controller\TikuController.class.php 第 22 行.
NOTIC: [8] Undefined index: d D:\xampp\htdocs\tiku\Application\Home\Controller\TikuController.class.php 第 23 行.
NOTIC: [8] Undefined index: r D:\xampp\htdocs\tiku\Application\Home\Controller\TikuController.class.php 第 24 行.
NOTIC: [8] Undefined index: t D:\xampp\htdocs\tiku\Application\Home\Controller\TikuController.class.php 第 25 行.
NOTIC: [8] Undefined index: p D:\xampp\htdocs\tiku\Application\Home\Controller\TikuController.class.php 第 26 行.
NOTIC: [8] Undefined index: w D:\xampp\htdocs\tiku\Application\Home\Controller\TikuController.class.php 第 27 行.
NOTIC: [8] Undefined index: y D:\xampp\htdocs\tiku\Application\Home\Controller\TikuController.class.php 第 28 行.
NOTIC: [8] Undefined index: a D:\xampp\htdocs\tiku\Application\Home\Controller\TikuController.class.php 第 29 行.
SQL: SHOW COLUMNS FROM `tiku` [ RunTime:0.0220s ]
NOTIC: [8] Undefined variable: join D:\xampp\htdocs\tiku\Application\Home\Controller\TikuController.class.php 第 100 行.
SQL: SELECT COUNT(DISTINCT tiku.id) AS tp_count FROM `tiku` WHERE ( tiku.course_id=3  ) LIMIT 1   [ RunTime:0.0880s ]
NOTIC: [8] Undefined variable: join D:\xampp\htdocs\tiku\Application\Home\Controller\TikuController.class.php 第 106 行.
NOTIC: [8] Undefined variable: page D:\xampp\htdocs\tiku\Application\Home\Controller\TikuController.class.php 第 107 行.
NOTIC: [8] Trying to get property of non-object D:\xampp\htdocs\tiku\Application\Home\Controller\TikuController.class.php 第 107 行.
SQL: SELECT DISTINCT tiku.`id`,tiku.`content`,tiku.`clicks`,tiku_source.`source_name`,tiku_difficulty.section FROM `tiku` INNER JOIN tiku_source on tiku.`source_id`=tiku_source.id INNER JOIN tiku_difficulty on tiku.difficulty_id=tiku_difficulty.id  WHERE ( tiku.course_id=3  )  [ RunTime:0.2150s ]
INFO: [ view_parse ] --START--
INFO: [ template_filter ] --START--
INFO: Run Behavior\ContentReplaceBehavior [ RunTime:0.000000s ]
INFO: [ template_filter ] --END-- [ RunTime:0.000000s ]
NOTIC: [8] Undefined variable: wenli D:\xampp\htdocs\tiku\Application\Runtime\Cache\Home\2d7125a787b7078c141d5942edc0b2c5.php 第 280 行.
INFO: Run Behavior\ParseTemplateBehavior [ RunTime:0.092005s ]
INFO: [ view_parse ] --END-- [ RunTime:0.092005s ]
INFO: [ view_filter ] --START--
INFO: Run Behavior\WriteHtmlCacheBehavior [ RunTime:0.001000s ]
INFO: [ view_filter ] --END-- [ RunTime:0.001000s ]
INFO: [ app_end ] --START--
INFO: Run Behavior\ShowPageTraceBehavior [ RunTime:0.004001s ]
INFO: [ app_end ] --END-- [ RunTime:0.004001s ]

[ 2015-10-29T11:48:26+08:00 ] 127.0.0.1 /tiku/c3/
INFO: [ app_init ] --START--
INFO: Run Behavior\BuildLiteBehavior [ RunTime:0.000000s ]
INFO: [ app_init ] --END-- [ RunTime:0.000000s ]
INFO: [ app_begin ] --START--
INFO: Run Behavior\ReadHtmlCacheBehavior [ RunTime:0.001001s ]
INFO: [ app_begin ] --END-- [ RunTime:0.001001s ]
SQL: SHOW COLUMNS FROM `tiku_course` [ RunTime:0.0390s ]
SQL: SELECT * FROM `tiku_course` WHERE ( status=1 )  [ RunTime:0.0710s ]
NOTIC: [8] Undefined index: f D:\xampp\htdocs\tiku\Application\Home\Controller\TikuController.class.php 第 22 行.
NOTIC: [8] Undefined index: d D:\xampp\htdocs\tiku\Application\Home\Controller\TikuController.class.php 第 23 行.
NOTIC: [8] Undefined index: r D:\xampp\htdocs\tiku\Application\Home\Controller\TikuController.class.php 第 24 行.
NOTIC: [8] Undefined index: t D:\xampp\htdocs\tiku\Application\Home\Controller\TikuController.class.php 第 25 行.
NOTIC: [8] Undefined index: p D:\xampp\htdocs\tiku\Application\Home\Controller\TikuController.class.php 第 26 行.
NOTIC: [8] Undefined index: w D:\xampp\htdocs\tiku\Application\Home\Controller\TikuController.class.php 第 27 行.
NOTIC: [8] Undefined index: y D:\xampp\htdocs\tiku\Application\Home\Controller\TikuController.class.php 第 28 行.
NOTIC: [8] Undefined index: a D:\xampp\htdocs\tiku\Application\Home\Controller\TikuController.class.php 第 29 行.
SQL: SHOW COLUMNS FROM `tiku` [ RunTime:0.0480s ]
NOTIC: [8] Undefined variable: join D:\xampp\htdocs\tiku\Application\Home\Controller\TikuController.class.php 第 100 行.
SQL: SELECT COUNT(DISTINCT tiku.id) AS tp_count FROM `tiku` WHERE ( tiku.course_id=3  ) LIMIT 1   [ RunTime:0.0000s ]
NOTIC: [8] Undefined variable: join D:\xampp\htdocs\tiku\Application\Home\Controller\TikuController.class.php 第 106 行.
NOTIC: [8] Undefined variable: page D:\xampp\htdocs\tiku\Application\Home\Controller\TikuController.class.php 第 107 行.
NOTIC: [8] Trying to get property of non-object D:\xampp\htdocs\tiku\Application\Home\Controller\TikuController.class.php 第 107 行.
SQL: SELECT DISTINCT tiku.`id`,tiku.`content`,tiku.`clicks`,tiku_source.`source_name`,tiku_difficulty.section FROM `tiku` INNER JOIN tiku_source on tiku.`source_id`=tiku_source.id INNER JOIN tiku_difficulty on tiku.difficulty_id=tiku_difficulty.id  WHERE ( tiku.course_id=3  )  [ RunTime:0.1120s ]
INFO: [ view_parse ] --START--
INFO: [ template_filter ] --START--
INFO: Run Behavior\ContentReplaceBehavior [ RunTime:0.000000s ]
INFO: [ template_filter ] --END-- [ RunTime:0.000000s ]
NOTIC: [8] Undefined variable: wenli D:\xampp\htdocs\tiku\Application\Runtime\Cache\Home\2d7125a787b7078c141d5942edc0b2c5.php 第 280 行.
INFO: Run Behavior\ParseTemplateBehavior [ RunTime:0.222012s ]
INFO: [ view_parse ] --END-- [ RunTime:0.222012s ]
INFO: [ view_filter ] --START--
INFO: Run Behavior\WriteHtmlCacheBehavior [ RunTime:0.013001s ]
INFO: [ view_filter ] --END-- [ RunTime:0.013001s ]
INFO: [ app_end ] --START--
INFO: Run Behavior\ShowPageTraceBehavior [ RunTime:0.000000s ]
INFO: [ app_end ] --END-- [ RunTime:0.000000s ]

[ 2015-10-29T11:52:05+08:00 ] 127.0.0.1 /tiku/c3/
INFO: [ app_init ] --START--
INFO: Run Behavior\BuildLiteBehavior [ RunTime:0.000000s ]
INFO: [ app_init ] --END-- [ RunTime:0.000000s ]
INFO: [ app_begin ] --START--
INFO: Run Behavior\ReadHtmlCacheBehavior [ RunTime:0.000000s ]
INFO: [ app_begin ] --END-- [ RunTime:0.000000s ]
SQL: SHOW COLUMNS FROM `tiku_course` [ RunTime:0.0030s ]
SQL: SELECT * FROM `tiku_course` WHERE ( status=1 )  [ RunTime:0.0000s ]
NOTIC: [8] Undefined index: f D:\xampp\htdocs\tiku\Application\Home\Controller\TikuController.class.php 第 22 行.
NOTIC: [8] Undefined index: d D:\xampp\htdocs\tiku\Application\Home\Controller\TikuController.class.php 第 23 行.
NOTIC: [8] Undefined index: r D:\xampp\htdocs\tiku\Application\Home\Controller\TikuController.class.php 第 24 行.
NOTIC: [8] Undefined index: t D:\xampp\htdocs\tiku\Application\Home\Controller\TikuController.class.php 第 25 行.
NOTIC: [8] Undefined index: p D:\xampp\htdocs\tiku\Application\Home\Controller\TikuController.class.php 第 26 行.
NOTIC: [8] Undefined index: w D:\xampp\htdocs\tiku\Application\Home\Controller\TikuController.class.php 第 27 行.
NOTIC: [8] Undefined index: y D:\xampp\htdocs\tiku\Application\Home\Controller\TikuController.class.php 第 28 行.
NOTIC: [8] Undefined index: a D:\xampp\htdocs\tiku\Application\Home\Controller\TikuController.class.php 第 29 行.
SQL: SHOW COLUMNS FROM `tiku` [ RunTime:0.0030s ]
NOTIC: [8] Undefined variable: join D:\xampp\htdocs\tiku\Application\Home\Controller\TikuController.class.php 第 100 行.
SQL: SELECT COUNT(DISTINCT tiku.id) AS tp_count FROM `tiku` WHERE ( tiku.course_id=3  ) LIMIT 1   [ RunTime:0.0010s ]
NOTIC: [8] Undefined variable: join D:\xampp\htdocs\tiku\Application\Home\Controller\TikuController.class.php 第 106 行.
NOTIC: [8] Undefined variable: page D:\xampp\htdocs\tiku\Application\Home\Controller\TikuController.class.php 第 107 行.
NOTIC: [8] Trying to get property of non-object D:\xampp\htdocs\tiku\Application\Home\Controller\TikuController.class.php 第 107 行.
SQL: SELECT DISTINCT tiku.`id`,tiku.`content`,tiku.`clicks`,tiku_source.`source_name`,tiku_difficulty.section FROM `tiku` INNER JOIN tiku_source on tiku.`source_id`=tiku_source.id INNER JOIN tiku_difficulty on tiku.difficulty_id=tiku_difficulty.id  WHERE ( tiku.course_id=3  )  [ RunTime:0.0050s ]
INFO: [ view_parse ] --START--
INFO: [ template_filter ] --START--
INFO: Run Behavior\ContentReplaceBehavior [ RunTime:0.000000s ]
INFO: [ template_filter ] --END-- [ RunTime:0.000000s ]
NOTIC: [8] Undefined variable: wenli D:\xampp\htdocs\tiku\Application\Runtime\Cache\Home\2d7125a787b7078c141d5942edc0b2c5.php 第 280 行.
INFO: Run Behavior\ParseTemplateBehavior [ RunTime:0.015001s ]
INFO: [ view_parse ] --END-- [ RunTime:0.015001s ]
INFO: [ view_filter ] --START--
INFO: Run Behavior\WriteHtmlCacheBehavior [ RunTime:0.001000s ]
INFO: [ view_filter ] --END-- [ RunTime:0.001000s ]
INFO: [ app_end ] --START--
INFO: Run Behavior\ShowPageTraceBehavior [ RunTime:0.001000s ]
INFO: [ app_end ] --END-- [ RunTime:0.002000s ]

[ 2015-10-29T13:40:59+08:00 ] 127.0.0.1 /tiku/c3t1/
INFO: [ app_init ] --START--
INFO: Run Behavior\BuildLiteBehavior [ RunTime:0.000000s ]
INFO: [ app_init ] --END-- [ RunTime:0.000000s ]
INFO: [ app_begin ] --START--
INFO: Run Behavior\ReadHtmlCacheBehavior [ RunTime:0.001000s ]
INFO: [ app_begin ] --END-- [ RunTime:0.001000s ]
SQL: SHOW COLUMNS FROM `tiku_course` [ RunTime:0.0120s ]
SQL: SELECT * FROM `tiku_course` WHERE ( status=1 )  [ RunTime:0.0000s ]
NOTIC: [8] Undefined index: f D:\xampp\htdocs\tiku\Application\Home\Controller\TikuController.class.php 第 22 行.
NOTIC: [8] Undefined index: d D:\xampp\htdocs\tiku\Application\Home\Controller\TikuController.class.php 第 23 行.
NOTIC: [8] Undefined index: r D:\xampp\htdocs\tiku\Application\Home\Controller\TikuController.class.php 第 24 行.
NOTIC: [8] Undefined index: p D:\xampp\htdocs\tiku\Application\Home\Controller\TikuController.class.php 第 26 行.
NOTIC: [8] Undefined index: w D:\xampp\htdocs\tiku\Application\Home\Controller\TikuController.class.php 第 27 行.
NOTIC: [8] Undefined index: y D:\xampp\htdocs\tiku\Application\Home\Controller\TikuController.class.php 第 28 行.
NOTIC: [8] Undefined index: a D:\xampp\htdocs\tiku\Application\Home\Controller\TikuController.class.php 第 29 行.
SQL: SHOW COLUMNS FROM `tiku` [ RunTime:0.0050s ]
NOTIC: [8] Undefined variable: join D:\xampp\htdocs\tiku\Application\Home\Controller\TikuController.class.php 第 100 行.
SQL: SELECT COUNT(DISTINCT tiku.id) AS tp_count FROM `tiku` WHERE ( tiku.course_id=3  && tiku.type_id=1  ) LIMIT 1   [ RunTime:0.0160s ]
NOTIC: [8] Undefined variable: join D:\xampp\htdocs\tiku\Application\Home\Controller\TikuController.class.php 第 106 行.
NOTIC: [8] Undefined variable: page D:\xampp\htdocs\tiku\Application\Home\Controller\TikuController.class.php 第 107 行.
NOTIC: [8] Trying to get property of non-object D:\xampp\htdocs\tiku\Application\Home\Controller\TikuController.class.php 第 107 行.
SQL: SELECT DISTINCT tiku.`id`,tiku.`content`,tiku.`clicks`,tiku_source.`source_name`,tiku_difficulty.section FROM `tiku` INNER JOIN tiku_source on tiku.`source_id`=tiku_source.id INNER JOIN tiku_difficulty on tiku.difficulty_id=tiku_difficulty.id  WHERE ( tiku.course_id=3  && tiku.type_id=1  )  [ RunTime:0.0260s ]
INFO: [ view_parse ] --START--
INFO: [ template_filter ] --START--
INFO: Run Behavior\ContentReplaceBehavior [ RunTime:0.000000s ]
INFO: [ template_filter ] --END-- [ RunTime:0.000000s ]
NOTIC: [8] Undefined variable: wenli D:\xampp\htdocs\tiku\Application\Runtime\Cache\Home\2d7125a787b7078c141d5942edc0b2c5.php 第 280 行.
INFO: Run Behavior\ParseTemplateBehavior [ RunTime:0.023001s ]
INFO: [ view_parse ] --END-- [ RunTime:0.023001s ]
INFO: [ view_filter ] --START--
INFO: Run Behavior\WriteHtmlCacheBehavior [ RunTime:0.000000s ]
INFO: [ view_filter ] --END-- [ RunTime:0.001000s ]
INFO: [ app_end ] --START--
INFO: Run Behavior\ShowPageTraceBehavior [ RunTime:0.001000s ]
INFO: [ app_end ] --END-- [ RunTime:0.001000s ]

[ 2015-10-29T13:41:00+08:00 ] 127.0.0.1 /tiku/c3t2/
INFO: [ app_init ] --START--
INFO: Run Behavior\BuildLiteBehavior [ RunTime:0.000000s ]
INFO: [ app_init ] --END-- [ RunTime:0.000000s ]
INFO: [ app_begin ] --START--
INFO: Run Behavior\ReadHtmlCacheBehavior [ RunTime:0.001000s ]
INFO: [ app_begin ] --END-- [ RunTime:0.001000s ]
SQL: SHOW COLUMNS FROM `tiku_course` [ RunTime:0.0040s ]
SQL: SELECT * FROM `tiku_course` WHERE ( status=1 )  [ RunTime:0.0000s ]
NOTIC: [8] Undefined index: f D:\xampp\htdocs\tiku\Application\Home\Controller\TikuController.class.php 第 22 行.
NOTIC: [8] Undefined index: d D:\xampp\htdocs\tiku\Application\Home\Controller\TikuController.class.php 第 23 行.
NOTIC: [8] Undefined index: r D:\xampp\htdocs\tiku\Application\Home\Controller\TikuController.class.php 第 24 行.
NOTIC: [8] Undefined index: p D:\xampp\htdocs\tiku\Application\Home\Controller\TikuController.class.php 第 26 行.
NOTIC: [8] Undefined index: w D:\xampp\htdocs\tiku\Application\Home\Controller\TikuController.class.php 第 27 行.
NOTIC: [8] Undefined index: y D:\xampp\htdocs\tiku\Application\Home\Controller\TikuController.class.php 第 28 行.
NOTIC: [8] Undefined index: a D:\xampp\htdocs\tiku\Application\Home\Controller\TikuController.class.php 第 29 行.
SQL: SHOW COLUMNS FROM `tiku` [ RunTime:0.0030s ]
NOTIC: [8] Undefined variable: join D:\xampp\htdocs\tiku\Application\Home\Controller\TikuController.class.php 第 100 行.
SQL: SELECT COUNT(DISTINCT tiku.id) AS tp_count FROM `tiku` WHERE ( tiku.course_id=3  && tiku.type_id=2  ) LIMIT 1   [ RunTime:0.0000s ]
NOTIC: [8] Undefined variable: join D:\xampp\htdocs\tiku\Application\Home\Controller\TikuController.class.php 第 106 行.
NOTIC: [8] Undefined variable: page D:\xampp\htdocs\tiku\Application\Home\Controller\TikuController.class.php 第 107 行.
NOTIC: [8] Trying to get property of non-object D:\xampp\htdocs\tiku\Application\Home\Controller\TikuController.class.php 第 107 行.
SQL: SELECT DISTINCT tiku.`id`,tiku.`content`,tiku.`clicks`,tiku_source.`source_name`,tiku_difficulty.section FROM `tiku` INNER JOIN tiku_source on tiku.`source_id`=tiku_source.id INNER JOIN tiku_difficulty on tiku.difficulty_id=tiku_difficulty.id  WHERE ( tiku.course_id=3  && tiku.type_id=2  )  [ RunTime:0.0110s ]
INFO: [ view_parse ] --START--
INFO: [ template_filter ] --START--
INFO: Run Behavior\ContentReplaceBehavior [ RunTime:0.000000s ]
INFO: [ template_filter ] --END-- [ RunTime:0.000000s ]
NOTIC: [8] Undefined variable: wenli D:\xampp\htdocs\tiku\Application\Runtime\Cache\Home\2d7125a787b7078c141d5942edc0b2c5.php 第 280 行.
INFO: Run Behavior\ParseTemplateBehavior [ RunTime:0.023002s ]
INFO: [ view_parse ] --END-- [ RunTime:0.023002s ]
INFO: [ view_filter ] --START--
INFO: Run Behavior\WriteHtmlCacheBehavior [ RunTime:0.000000s ]
INFO: [ view_filter ] --END-- [ RunTime:0.000000s ]
INFO: [ app_end ] --START--
INFO: Run Behavior\ShowPageTraceBehavior [ RunTime:0.002000s ]
INFO: [ app_end ] --END-- [ RunTime:0.002000s ]

[ 2015-10-29T13:41:02+08:00 ] 127.0.0.1 /tiku/c3t1/
INFO: [ app_init ] --START--
INFO: Run Behavior\BuildLiteBehavior [ RunTime:0.000000s ]
INFO: [ app_init ] --END-- [ RunTime:0.001000s ]
INFO: [ app_begin ] --START--
INFO: Run Behavior\ReadHtmlCacheBehavior [ RunTime:0.001000s ]
INFO: [ app_begin ] --END-- [ RunTime:0.001000s ]
SQL: SHOW COLUMNS FROM `tiku_course` [ RunTime:0.0040s ]
SQL: SELECT * FROM `tiku_course` WHERE ( status=1 )  [ RunTime:0.0000s ]
NOTIC: [8] Undefined index: f D:\xampp\htdocs\tiku\Application\Home\Controller\TikuController.class.php 第 22 行.
NOTIC: [8] Undefined index: d D:\xampp\htdocs\tiku\Application\Home\Controller\TikuController.class.php 第 23 行.
NOTIC: [8] Undefined index: r D:\xampp\htdocs\tiku\Application\Home\Controller\TikuController.class.php 第 24 行.
NOTIC: [8] Undefined index: p D:\xampp\htdocs\tiku\Application\Home\Controller\TikuController.class.php 第 26 行.
NOTIC: [8] Undefined index: w D:\xampp\htdocs\tiku\Application\Home\Controller\TikuController.class.php 第 27 行.
NOTIC: [8] Undefined index: y D:\xampp\htdocs\tiku\Application\Home\Controller\TikuController.class.php 第 28 行.
NOTIC: [8] Undefined index: a D:\xampp\htdocs\tiku\Application\Home\Controller\TikuController.class.php 第 29 行.
SQL: SHOW COLUMNS FROM `tiku` [ RunTime:0.0030s ]
NOTIC: [8] Undefined variable: join D:\xampp\htdocs\tiku\Application\Home\Controller\TikuController.class.php 第 100 行.
SQL: SELECT COUNT(DISTINCT tiku.id) AS tp_count FROM `tiku` WHERE ( tiku.course_id=3  && tiku.type_id=1  ) LIMIT 1   [ RunTime:0.0000s ]
NOTIC: [8] Undefined variable: join D:\xampp\htdocs\tiku\Application\Home\Controller\TikuController.class.php 第 106 行.
NOTIC: [8] Undefined variable: page D:\xampp\htdocs\tiku\Application\Home\Controller\TikuController.class.php 第 107 行.
NOTIC: [8] Trying to get property of non-object D:\xampp\htdocs\tiku\Application\Home\Controller\TikuController.class.php 第 107 行.
SQL: SELECT DISTINCT tiku.`id`,tiku.`content`,tiku.`clicks`,tiku_source.`source_name`,tiku_difficulty.section FROM `tiku` INNER JOIN tiku_source on tiku.`source_id`=tiku_source.id INNER JOIN tiku_difficulty on tiku.difficulty_id=tiku_difficulty.id  WHERE ( tiku.course_id=3  && tiku.type_id=1  )  [ RunTime:0.0070s ]
INFO: [ view_parse ] --START--
INFO: [ template_filter ] --START--
INFO: Run Behavior\ContentReplaceBehavior [ RunTime:0.000000s ]
INFO: [ template_filter ] --END-- [ RunTime:0.000000s ]
NOTIC: [8] Undefined variable: wenli D:\xampp\htdocs\tiku\Application\Runtime\Cache\Home\2d7125a787b7078c141d5942edc0b2c5.php 第 280 行.
INFO: Run Behavior\ParseTemplateBehavior [ RunTime:0.014001s ]
INFO: [ view_parse ] --END-- [ RunTime:0.014001s ]
INFO: [ view_filter ] --START--
INFO: Run Behavior\WriteHtmlCacheBehavior [ RunTime:0.001000s ]
INFO: [ view_filter ] --END-- [ RunTime:0.001000s ]
INFO: [ app_end ] --START--
INFO: Run Behavior\ShowPageTraceBehavior [ RunTime:0.001000s ]
INFO: [ app_end ] --END-- [ RunTime:0.001000s ]

[ 2015-10-29T14:03:22+08:00 ] 127.0.0.1 /tiku/c3t1/
INFO: [ app_init ] --START--
INFO: Run Behavior\BuildLiteBehavior [ RunTime:0.001000s ]
INFO: [ app_init ] --END-- [ RunTime:0.001000s ]
INFO: [ app_begin ] --START--
INFO: Run Behavior\ReadHtmlCacheBehavior [ RunTime:0.000000s ]
INFO: [ app_begin ] --END-- [ RunTime:0.000000s ]
SQL: SHOW COLUMNS FROM `tiku_course` [ RunTime:0.0040s ]
SQL: SELECT * FROM `tiku_course` WHERE ( status=1 )  [ RunTime:0.0000s ]
NOTIC: [8] Undefined index: f D:\xampp\htdocs\tiku\Application\Home\Controller\TikuController.class.php 第 22 行.
NOTIC: [8] Undefined index: d D:\xampp\htdocs\tiku\Application\Home\Controller\TikuController.class.php 第 23 行.
NOTIC: [8] Undefined index: r D:\xampp\htdocs\tiku\Application\Home\Controller\TikuController.class.php 第 24 行.
NOTIC: [8] Undefined index: p D:\xampp\htdocs\tiku\Application\Home\Controller\TikuController.class.php 第 26 行.
NOTIC: [8] Undefined index: w D:\xampp\htdocs\tiku\Application\Home\Controller\TikuController.class.php 第 27 行.
NOTIC: [8] Undefined index: y D:\xampp\htdocs\tiku\Application\Home\Controller\TikuController.class.php 第 28 行.
NOTIC: [8] Undefined index: a D:\xampp\htdocs\tiku\Application\Home\Controller\TikuController.class.php 第 29 行.
SQL: SHOW COLUMNS FROM `tiku` [ RunTime:0.0050s ]
NOTIC: [8] Undefined variable: join D:\xampp\htdocs\tiku\Application\Home\Controller\TikuController.class.php 第 100 行.
SQL: SELECT COUNT(DISTINCT tiku.id) AS tp_count FROM `tiku` WHERE ( tiku.course_id=3  && tiku.type_id=1  ) LIMIT 1   [ RunTime:0.0010s ]
NOTIC: [8] Undefined variable: join D:\xampp\htdocs\tiku\Application\Home\Controller\TikuController.class.php 第 106 行.
NOTIC: [8] Undefined variable: page D:\xampp\htdocs\tiku\Application\Home\Controller\TikuController.class.php 第 107 行.
NOTIC: [8] Trying to get property of non-object D:\xampp\htdocs\tiku\Application\Home\Controller\TikuController.class.php 第 107 行.
SQL: SELECT DISTINCT tiku.`id`,tiku.`content`,tiku.`clicks`,tiku_source.`source_name`,tiku_difficulty.section FROM `tiku` INNER JOIN tiku_source on tiku.`source_id`=tiku_source.id INNER JOIN tiku_difficulty on tiku.difficulty_id=tiku_difficulty.id  WHERE ( tiku.course_id=3  && tiku.type_id=1  )  [ RunTime:0.0050s ]
INFO: [ view_parse ] --START--
INFO: [ template_filter ] --START--
INFO: Run Behavior\ContentReplaceBehavior [ RunTime:0.000000s ]
INFO: [ template_filter ] --END-- [ RunTime:0.000000s ]
NOTIC: [8] Undefined variable: wenli D:\xampp\htdocs\tiku\Application\Runtime\Cache\Home\2d7125a787b7078c141d5942edc0b2c5.php 第 280 行.
INFO: Run Behavior\ParseTemplateBehavior [ RunTime:0.023001s ]
INFO: [ view_parse ] --END-- [ RunTime:0.023001s ]
INFO: [ view_filter ] --START--
INFO: Run Behavior\WriteHtmlCacheBehavior [ RunTime:0.000000s ]
INFO: [ view_filter ] --END-- [ RunTime:0.000000s ]
INFO: [ app_end ] --START--
INFO: Run Behavior\ShowPageTraceBehavior [ RunTime:0.001000s ]
INFO: [ app_end ] --END-- [ RunTime:0.001000s ]

